# JRE version: OpenJDK Runtime Environment (8.0_152-b06) (build 1.8.0_152-release-1136-b06)
# Java VM: OpenJDK 64-Bit Server VM (25.152-b06 mixed mode windows-amd64 compressed oops)
Heap:
 PSYoungGen      total 175616K, used 127971K [0x00000000e0000000, 0x00000000ef100000, 0x0000000100000000)
  eden space 157184K, 81% used [0x00000000e0000000,0x00000000e7cf8ea8,0x00000000e9980000)
  from space 18432K, 0% used [0x00000000e9980000,0x00000000e9980000,0x00000000eab80000)
  to   space 17408K, 0% used [0x00000000ee000000,0x00000000ee000000,0x00000000ef100000)
 ParOldGen       total 82944K, used 34105K [0x00000000a0000000, 0x00000000a5100000, 0x00000000e0000000)
  object space 82944K, 41% used [0x00000000a0000000,0x00000000a214e5a0,0x00000000a5100000)
 Metaspace       used 63580K, capacity 65380K, committed 65496K, reserved 1105920K
  class space    used 8493K, capacity 8929K, committed 8960K, reserved 1048576K
GC Heap History (10 events):
Event: 42.476 GC heap before
{Heap before GC invocations=12 (full 2):
 PSYoungGen      total 121344K, used 5600K [0x00000000e0000000, 0x00000000eab00000, 0x0000000100000000)
  eden space 115712K, 0% used [0x00000000e0000000,0x00000000e0000000,0x00000000e7100000)
  from space 5632K, 99% used [0x00000000e7c00000,0x00000000e8178020,0x00000000e8180000)
  to   space 11264K, 0% used [0x00000000e7100000,0x00000000e7100000,0x00000000e7c00000)
 ParOldGen       total 36864K, used 15865K [0x00000000a0000000, 0x00000000a2400000, 0x00000000e0000000)
  object space 36864K, 43% used [0x00000000a0000000,0x00000000a0f7e428,0x00000000a2400000)
 Metaspace       used 34592K, capacity 35264K, committed 35416K, reserved 1079296K
  class space    used 4792K, capacity 4988K, committed 4992K, reserved 1048576K
Event: 42.658 GC heap after
Heap after GC invocations=12 (full 2):
 PSYoungGen      total 121344K, used 0K [0x00000000e0000000, 0x00000000eab00000, 0x0000000100000000)
  eden space 115712K, 0% used [0x00000000e0000000,0x00000000e0000000,0x00000000e7100000)
  from space 5632K, 0% used [0x00000000e7c00000,0x00000000e7c00000,0x00000000e8180000)
  to   space 11264K, 0% used [0x00000000e7100000,0x00000000e7100000,0x00000000e7c00000)
 ParOldGen       total 48640K, used 14424K [0x00000000a0000000, 0x00000000a2f80000, 0x00000000e0000000)
  object space 48640K, 29% used [0x00000000a0000000,0x00000000a0e16108,0x00000000a2f80000)
 Metaspace       used 34592K, capacity 35264K, committed 35416K, reserved 1079296K
  class space    used 4792K, capacity 4988K, committed 4992K, reserved 1048576K
}
Event: 49.685 GC heap before
{Heap before GC invocations=13 (full 2):
 PSYoungGen      total 121344K, used 115712K [0x00000000e0000000, 0x00000000eab00000, 0x0000000100000000)
  eden space 115712K, 100% used [0x00000000e0000000,0x00000000e7100000,0x00000000e7100000)
  from space 5632K, 0% used [0x00000000e7c00000,0x00000000e7c00000,0x00000000e8180000)
  to   space 11264K, 0% used [0x00000000e7100000,0x00000000e7100000,0x00000000e7c00000)
 ParOldGen       total 48640K, used 14424K [0x00000000a0000000, 0x00000000a2f80000, 0x00000000e0000000)
  object space 48640K, 29% used [0x00000000a0000000,0x00000000a0e16108,0x00000000a2f80000)
 Metaspace       used 41799K, capacity 42630K, committed 42840K, reserved 1085440K
  class space    used 5633K, capacity 5898K, committed 6016K, reserved 1048576K
Event: 49.739 GC heap after
Heap after GC invocations=13 (full 2):
 PSYoungGen      total 126976K, used 11234K [0x00000000e0000000, 0x00000000eb900000, 0x0000000100000000)
  eden space 115712K, 0% used [0x00000000e0000000,0x00000000e0000000,0x00000000e7100000)
  from space 11264K, 99% used [0x00000000e7100000,0x00000000e7bf89d8,0x00000000e7c00000)
  to   space 13824K, 0% used [0x00000000eab80000,0x00000000eab80000,0x00000000eb900000)
 ParOldGen       total 48640K, used 17106K [0x00000000a0000000, 0x00000000a2f80000, 0x00000000e0000000)
  object space 48640K, 35% used [0x00000000a0000000,0x00000000a10b4928,0x00000000a2f80000)
 Metaspace       used 41799K, capacity 42630K, committed 42840K, reserved 1085440K
  class space    used 5633K, capacity 5898K, committed 6016K, reserved 1048576K
}
Event: 59.135 GC heap before
{Heap before GC invocations=14 (full 2):
 PSYoungGen      total 126976K, used 126946K [0x00000000e0000000, 0x00000000eb900000, 0x0000000100000000)
  eden space 115712K, 100% used [0x00000000e0000000,0x00000000e7100000,0x00000000e7100000)
  from space 11264K, 99% used [0x00000000e7100000,0x00000000e7bf89d8,0x00000000e7c00000)
  to   space 13824K, 0% used [0x00000000eab80000,0x00000000eab80000,0x00000000eb900000)
 ParOldGen       total 48640K, used 17106K [0x00000000a0000000, 0x00000000a2f80000, 0x00000000e0000000)
  object space 48640K, 35% used [0x00000000a0000000,0x00000000a10b4928,0x00000000a2f80000)
 Metaspace       used 53650K, capacity 55278K, committed 55384K, reserved 1097728K
  class space    used 7322K, capacity 7746K, committed 7808K, reserved 1048576K
Event: 59.226 GC heap after
Heap after GC invocations=14 (full 2):
 PSYoungGen      total 171008K, used 13822K [0x00000000e0000000, 0x00000000ec000000, 0x0000000100000000)
  eden space 157184K, 0% used [0x00000000e0000000,0x00000000e0000000,0x00000000e9980000)
  from space 13824K, 99% used [0x00000000eab80000,0x00000000eb8ff9a8,0x00000000eb900000)
  to   space 18432K, 0% used [0x00000000e9980000,0x00000000e9980000,0x00000000eab80000)
 ParOldGen       total 48640K, used 23858K [0x00000000a0000000, 0x00000000a2f80000, 0x00000000e0000000)
  object space 48640K, 49% used [0x00000000a0000000,0x00000000a174cb10,0x00000000a2f80000)
 Metaspace       used 53650K, capacity 55278K, committed 55384K, reserved 1097728K
  class space    used 7322K, capacity 7746K, committed 7808K, reserved 1048576K
}
Event: 81.412 GC heap before
{Heap before GC invocations=15 (full 2):
 PSYoungGen      total 171008K, used 132798K [0x00000000e0000000, 0x00000000ec000000, 0x0000000100000000)
  eden space 157184K, 75% used [0x00000000e0000000,0x00000000e742fef0,0x00000000e9980000)
  from space 13824K, 99% used [0x00000000eab80000,0x00000000eb8ff9a8,0x00000000eb900000)
  to   space 18432K, 0% used [0x00000000e9980000,0x00000000e9980000,0x00000000eab80000)
 ParOldGen       total 48640K, used 23858K [0x00000000a0000000, 0x00000000a2f80000, 0x00000000e0000000)
  object space 48640K, 49% used [0x00000000a0000000,0x00000000a174cb10,0x00000000a2f80000)
 Metaspace       used 57354K, capacity 58958K, committed 59028K, reserved 1099776K
  class space    used 7756K, capacity 8160K, committed 8192K, reserved 1048576K
Event: 81.521 GC heap after
Heap after GC invocations=15 (full 2):
 PSYoungGen      total 175616K, used 7510K [0x00000000e0000000, 0x00000000ef100000, 0x0000000100000000)
  eden space 157184K, 0% used [0x00000000e0000000,0x00000000e0000000,0x00000000e9980000)
  from space 18432K, 40% used [0x00000000e9980000,0x00000000ea0d5a60,0x00000000eab80000)
  to   space 17408K, 0% used [0x00000000ee000000,0x00000000ee000000,0x00000000ef100000)
 ParOldGen       total 48640K, used 37601K [0x00000000a0000000, 0x00000000a2f80000, 0x00000000e0000000)
  object space 48640K, 77% used [0x00000000a0000000,0x00000000a24b86a0,0x00000000a2f80000)
 Metaspace       used 57354K, capacity 58958K, committed 59028K, reserved 1099776K
  class space    used 7756K, capacity 8160K, committed 8192K, reserved 1048576K
}
Event: 81.521 GC heap before
{Heap before GC invocations=16 (full 3):
 PSYoungGen      total 175616K, used 7510K [0x00000000e0000000, 0x00000000ef100000, 0x0000000100000000)
  eden space 157184K, 0% used [0x00000000e0000000,0x00000000e0000000,0x00000000e9980000)
  from space 18432K, 40% used [0x00000000e9980000,0x00000000ea0d5a60,0x00000000eab80000)
  to   space 17408K, 0% used [0x00000000ee000000,0x00000000ee000000,0x00000000ef100000)
 ParOldGen       total 48640K, used 37601K [0x00000000a0000000, 0x00000000a2f80000, 0x00000000e0000000)
  object space 48640K, 77% used [0x00000000a0000000,0x00000000a24b86a0,0x00000000a2f80000)
 Metaspace       used 57354K, capacity 58958K, committed 59028K, reserved 1099776K
  class space    used 7756K, capacity 8160K, committed 8192K, reserved 1048576K
Event: 82.116 GC heap after
Heap after GC invocations=16 (full 3):
 PSYoungGen      total 175616K, used 0K [0x00000000e0000000, 0x00000000ef100000, 0x0000000100000000)
  eden space 157184K, 0% used [0x00000000e0000000,0x00000000e0000000,0x00000000e9980000)
  from space 18432K, 0% used [0x00000000e9980000,0x00000000e9980000,0x00000000eab80000)
  to   space 17408K, 0% used [0x00000000ee000000,0x00000000ee000000,0x00000000ef100000)
 ParOldGen       total 82944K, used 34105K [0x00000000a0000000, 0x00000000a5100000, 0x00000000e0000000)
  object space 82944K, 41% used [0x00000000a0000000,0x00000000a214e5a0,0x00000000a5100000)
 Metaspace       used 57354K, capacity 58958K, committed 59028K, reserved 1099776K
  class space    used 7756K, capacity 8160K, committed 8192K, reserved 1048576K
}

